
1071
10938
10974
11225
113770
113772
11602
11901
11969
12019
12156
12331
123678
12467
124863
125252
125361
125430
125432
125459
126842
127067
127701
127821
128060
128462
13189
13249
13345
13375
134263
134630
134645
135243
135323
136019
136291
136297
142046
142905
144617
144660
144734
145663
146294
146423
146742
147377
147494
147946
147971
148039
148432
149673
149820
149924
149993
150913
151951
153052
153190
156117
156270
157972
159911
161462
162200
162347
163315
163329
163368
165416
166375
16909
16984
171094
171111
171118
171532
171570
171613
171679
17196
172086
172359
17241
17244
172479
173415
173660
173729
173918
174103
174363
174912
175277
176584
177231
180405
180737
181807
182870
183297
184507
184851
184927
185589
185673
185683
186422
186452
186503
187487
18918
190022
19026
190814
190863
192116
192592
192881
19531
197069
197159
197489
197884
20057
202121
202782
20874
210206
213625
216685
217380
218621
220298
220612
221418
221552
22163
222111
222984
223198
223319
223749
225783
226378
227067
227146
227663
229075
229150
230561
230579
231073
23167
232243
232525
234874
235073
236222
236494
237842
239537
239551
240132
240445
240446
253938
257878
257948
274246
274313
274677
274956
275132
276158
276214
276816
278775
278840
284759
288637
288935
289054
289315
289347
290061
291383
291440
292
292274
293850
293872
294876
294907
295287
295994
296118
296137
296381
296562
296673
297122
297416
297429
297568
299929
300093
300487
300516
300522
300648
306068
306175
306276
306292
306314
306330
306365
306380
306390
306461
306487
306488
306522
306610
306806
307090
307100
307116
307129
307142
307388
307734
308272
308318
308324
308362
308414
308424
308535
308585
308684
308732
309110
309229
309618
309636
309663
309673
309692
309716
309816
309865
309880
309883
309898
309903
309966
310139
310155
310193
310333
310510
310633
310643
310674
310780
316523
317689
317907
318146
31832
318451
318758
319095
319271
320382
321408
321627
321944
322367
322751
322988
323006
323064
323282
323285
323773
323813
323876
323973
324316
324834
324845
325718
326569
326825
327191
327312
327435
327924
328208
328414
328535
328684
328717
329200
329330
329781
329802
329864
330120
330156
330310
330398
330523
330757
330762
330923
330929
331336
331448
331463
331882
331907
332303
332322
332534
332638
332826
332830
332879
3329
333153
333219
333247
333328
333503
333525
333651
333652
3337
333702
334058
334074
334327
334642
334732
334768
334917
334968
334970
335176
335373
335536
335539
335782
3394
339563
340255
340418
340588
340664
340841
340980
341479
341691
341757
341855
342196
342445
342523
342999
343021
343182
343555
343612
343722
343752
343799
343818
343893
344015
344041
344045
344226
344258
344369
344654
344663
344971
345002
345006
345015
345067
3452
345352
347391
347442
347594
347650
347669
347691
348177
348186
348197
348296
348321
348561
348689
348751
348865
348991
349272
349627
349752
349808
349891
349903
350045
350280
350798
350970
351020
351147
351261
351794
351796
351908
352045
352048
352138
352306
352425
352443
352554
352851
353124
353759
353909
354176
354245
354427
354582
354677
354719
354735
355085
355177
3560
356134
356172
356188
357264
357290
357307
357334
357350
357384
358084
358408
358699
358758
358919
359693
359789
361993
362456
362616
362728
363210
364113
364317
364378
364956
365210
365250
365255
365322
365667
365721
365759
365809
367519
367678
368233
368393
368596
368679
369657
369663
369713
369719
369720
369724
369728
3700
3704
3705
3736
373730
373739
373740
373742
373749
373859
373868
373887
373969
373975
373976
373981
373992
374849
379615
379674
379768
380458
380478
381198
381369
381513
383220
383307
383993
384202
384893
385459
385465
385963
3860
386045
386380
387349
388689
388722
388778
389055
389138
389961
390066
3908
390934
391638
391684
393229
3940
3960
398637
399085
4006
401869
401940
402216
402582
402672
402718
402728
402845
403438
403469
403595
404193
404229
404988
405196
405357
405438
40650
4108
411219
41289
415338
415384
417028
419284
422030
428420
429639
430
430241
430713
430849
431168
431225
431268
431290
431359
431373
431393
431408
431441
431514
431534
431542
431596
431598
431640
431676
431693
431726
431961
432
432132
432238
432243
432261
432263
432309
432561
432567
432596
432599
432684
432714
432726
432823
432967
433016
433056
433085
433384
433519
433781
433782
433975
434008
434109
434463
434553
434612
434626
434875
435021
435090
435356
435486
435668
435686
435696
435728
435738
435950
436403
436722
437001
437138
437579
438078
438392
438441
438472
438520
438558
438772
439288
439364
439413
439493
439517
439750
439767
439857
439966
440003
440050
440145
440159
440260
440304
440649
440767
440830
440840
440971
441002
441080
441115
441173
441199
441237
441254
441279
441295
441304
441605
441613
441619
441651
441657
441724
441835
441845
441857
441948
441967
441976
442
442025
442208
442216
442243
442245
442286
442305
442356
442396
442458
442477
442494
442502
442568
442572
442701
442953
443107
443139
443140
443179
443303
443312
443344
443364
443379
443383
443393
443397
443515
443615
443628
443635
443771
443777
443788
443789
443831
443836
443850
443856
443871
443879
443920
443928
443929
443945
444019
444047
444052
444065
444069
444109
444113
444186
444197
444267
444281
444298
444299
444306
444322
444323
444329
444333
444367
444368
444373
444386
444475
444490
444496
444521
444565
444691
444787
444919
444947
444953
444997
445007
445020
445022
445059
445150
445173
445646
445786
445856
445909
445940
445941
446005
446190
446273
446290
446651
446665
446791
446834
447015
447245
447316
447317
447376
447479
447686
448155
448178
448221
448223
448317
448335
448389
448524
448790
448809
448897
449047
449146
449686
449707
450101
450834
450864
450867
450882
451022
451045
451483
451901
452182
452239
452715
452755
452924
45520
4662
4740
4814
48309
4915
49441
5007
520
52077
593
61107
61420
64016
6561
7
7151
7158
7164
72212
74950
77787
78143
79103
79106
79110
79228
79501
79581
79657
79666
79667
79733
79902
79919
79941
80252
80335
80511
80512
80515
80536
80564
80695
80879
80987
81038
81206
81207
81212
81311
81342
81352
81362
81375
81444
81449
81466
81553
81735
81742
81744
81748
81749
81752
81759
81774
81777
82020
82068
82071
82281
82476
82498
82616
82864
82915
82934
82953
82965
82985
83097
83424
83539
83652
83661
83701
83731
8415
84294
84360
84381
84471
84547
84560
84567
84661
85005
85289
85571
85990
86004
86494
86757
87199
88322
89671
89778
90244
91458
92241
92280
92441
92530
92583
92683
92685
92695
92882
93161
93451
93476
93684
93878
94260
94626
94723
94951
95110
95258
95576
96224
96553
97096
97537
97789
97804
97973
98050
98071
98081
983
98394
98706
98741
99806
99881